<?xml version="1.0" encoding="UTF-8"?>
<!-- Generated by org.testng.reporters.JUnitReportReporter -->
<testsuite hostname="TSI0267-sarathkumar" failures="0" tests="1" name="com.pageexe.bfm.AddbNewPrntExe" time="28.056" errors="0" timestamp="2023-08-03T11:05:22 IST" skipped="0">
  <testcase classname="com.pageexe.bfm.AddbNewPrntExe" name="addNewPrnt" time="28.056"/>
  <system-out/>
</testsuite> <!-- com.pageexe.bfm.AddbNewPrntExe -->
