<?xml version="1.0" encoding="UTF-8"?>
<!-- Generated by org.testng.reporters.JUnitReportReporter -->
<testsuite hostname="TSI0267-sarathkumar" failures="0" tests="1" name="com.pageexe.bfm.AddNewChildEXE" time="97.082" errors="0" timestamp="2023-08-07T11:16:17 IST" skipped="0">
  <testcase classname="com.pageexe.bfm.AddNewChildEXE" name="addNwChild" time="97.082"/>
  <system-out/>
</testsuite> <!-- com.pageexe.bfm.AddNewChildEXE -->
