<?xml version="1.0" encoding="UTF-8"?>
<!-- Generated by org.testng.reporters.JUnitReportReporter -->
<testsuite hostname="DESKTOP-A76ELC4" failures="0" tests="1" name="com.pagelogics.bfm.StaffSigInLogic" time="54.366" errors="0" timestamp="2023-08-01T11:21:08 IST" skipped="0">
  <testcase classname="com.pagelogics.bfm.StaffSigInLogic" name="stafSignIn" time="54.366"/>
  <system-out/>
</testsuite> <!-- com.pagelogics.bfm.StaffSigInLogic -->
