<?xml version="1.0" encoding="UTF-8"?>
<!-- Generated by org.testng.reporters.JUnitReportReporter -->
<testsuite hostname="DESKTOP-A76ELC4" failures="0" tests="1" name="com.pageexe.bfm.ChangePswExe" time="22.019" errors="0" timestamp="2023-07-25T14:15:18 IST" skipped="0">
  <testcase classname="com.pageexe.bfm.ChangePswExe" name="cpsw" time="22.019"/>
  <system-out/>
</testsuite> <!-- com.pageexe.bfm.ChangePswExe -->
