<?xml version="1.0" encoding="UTF-8"?>
<!-- Generated by org.testng.reporters.JUnitReportReporter -->
<testsuite hostname="DESKTOP-A76ELC4" failures="0" tests="1" name="com.pageexe.bfm.EditCntrAdmExe" time="29.572" errors="0" timestamp="2023-07-25T11:57:45 IST" skipped="0">
  <testcase classname="com.pageexe.bfm.EditCntrAdmExe" name="cntrAdm" time="29.572"/>
  <system-out/>
</testsuite> <!-- com.pageexe.bfm.EditCntrAdmExe -->
