<?xml version="1.0" encoding="UTF-8"?>
<!-- Generated by org.testng.reporters.JUnitReportReporter -->
<testsuite hostname="DESKTOP-A76ELC4" failures="0" tests="1" name="com.pageexe.bfm.RoomListExe" time="26.337" errors="0" timestamp="2023-07-31T09:30:31 IST" skipped="0">
  <testcase classname="com.pageexe.bfm.RoomListExe" name="roomList" time="26.337"/>
  <system-out/>
</testsuite> <!-- com.pageexe.bfm.RoomListExe -->
