<?xml version="1.0" encoding="UTF-8"?>
<!-- Generated by org.testng.reporters.JUnitReportReporter -->
<testsuite hostname="DESKTOP-A76ELC4" failures="0" tests="1" name="com.pageexe.bfm.EditCmpAdminProf" time="34.159" errors="0" timestamp="2023-07-25T12:53:00 IST" skipped="0">
  <testcase classname="com.pageexe.bfm.EditCmpAdminProf" name="editCmpAdm" time="34.159"/>
  <system-out/>
</testsuite> <!-- com.pageexe.bfm.EditCmpAdminProf -->
