<?xml version="1.0" encoding="UTF-8"?>
<!-- Generated by org.testng.reporters.JUnitReportReporter -->
<testsuite hostname="DESKTOP-A76ELC4" failures="0" tests="1" name="com.pageexe.bfm.AddNewCmpnyExe" time="36.438" errors="0" timestamp="2023-07-25T14:26:57 IST" skipped="0">
  <testcase classname="com.pageexe.bfm.AddNewCmpnyExe" name="nwCmpny" time="36.438"/>
  <system-out/>
</testsuite> <!-- com.pageexe.bfm.AddNewCmpnyExe -->
