<?xml version="1.0" encoding="UTF-8"?>
<!-- Generated by org.testng.reporters.JUnitReportReporter -->
<testsuite hostname="TSI0267-sarathkumar" failures="0" tests="1" name="com.pageexe.bfm.LoginPageExe" time="137.020" errors="0" timestamp="2023-11-27T12:40:11 IST" skipped="0">
  <testcase classname="com.pageexe.bfm.LoginPageExe" name="loginExe" time="137.020"/>
  <system-out/>
</testsuite> <!-- com.pageexe.bfm.LoginPageExe -->
