<?xml version="1.0" encoding="UTF-8"?>
<!-- Generated by org.testng.reporters.JUnitReportReporter -->
<testsuite hostname="DESKTOP-A76ELC4" failures="0" tests="1" name="com.pagelogics.bfm.EditRoomLogics" time="27.748" errors="0" timestamp="2023-07-31T11:22:16 IST" skipped="0">
  <testcase classname="com.pagelogics.bfm.EditRoomLogics" name="editroomLogic" time="27.748"/>
  <system-out/>
</testsuite> <!-- com.pagelogics.bfm.EditRoomLogics -->
