<?xml version="1.0" encoding="UTF-8"?>
<!-- Generated by org.testng.reporters.JUnitReportReporter -->
<testsuite hostname="TSI0267-sarathkumar" failures="0" tests="1" name="com.pagelogics.bfm.EditStaffLogic" time="39.207" errors="0" timestamp="2023-08-02T12:36:38 IST" skipped="0">
  <testcase classname="com.pagelogics.bfm.EditStaffLogic" name="editStfLogic" time="39.207"/>
  <system-out/>
</testsuite> <!-- com.pagelogics.bfm.EditStaffLogic -->
