<?xml version="1.0" encoding="UTF-8"?>
<!-- Generated by org.testng.reporters.JUnitReportReporter -->
<testsuite hostname="TSI0267-sarathkumar" failures="0" tests="1" name="com.pagelogics.bfm.EdiChildLogics" time="68.985" errors="0" timestamp="2023-08-09T16:39:04 IST" skipped="0">
  <testcase classname="com.pagelogics.bfm.EdiChildLogics" name="editchld" time="68.985"/>
  <system-out/>
</testsuite> <!-- com.pagelogics.bfm.EdiChildLogics -->
