<?xml version="1.0" encoding="UTF-8"?>
<!-- Generated by org.testng.reporters.JUnitReportReporter -->
<testsuite hostname="DESKTOP-A76ELC4" failures="0" tests="1" name="com.pageexe.bfm.EditPrarentProfExe" time="26.309" errors="0" timestamp="2023-07-20T09:29:05 IST" skipped="0">
  <testcase classname="com.pageexe.bfm.EditPrarentProfExe" name="paredit" time="26.309"/>
  <system-out/>
</testsuite> <!-- com.pageexe.bfm.EditPrarentProfExe -->
