<?xml version="1.0" encoding="UTF-8"?>
<!-- Generated by org.testng.reporters.JUnitReportReporter -->
<testsuite hostname="TSI0267-sarathkumar" failures="0" tests="1" name="com.pagelogics.bfm.AddNewChildLogics" time="66.214" errors="0" timestamp="2023-08-04T18:56:35 IST" skipped="0">
  <testcase classname="com.pagelogics.bfm.AddNewChildLogics" name="addNewChld" time="66.214"/>
  <system-out/>
</testsuite> <!-- com.pagelogics.bfm.AddNewChildLogics -->
