<?xml version="1.0" encoding="UTF-8"?>
<!-- Generated by org.testng.reporters.JUnitReportReporter -->
<testsuite hostname="DESKTOP-A76ELC4" failures="0" tests="1" name="com.pageexe.bfm.AddNewRoomExe" time="40.714" errors="0" timestamp="2023-07-28T16:15:12 IST" skipped="0">
  <testcase classname="com.pageexe.bfm.AddNewRoomExe" name="addNwRoom" time="40.714"/>
  <system-out/>
</testsuite> <!-- com.pageexe.bfm.AddNewRoomExe -->
