<?xml version="1.0" encoding="UTF-8"?>
<!-- Generated by org.testng.reporters.JUnitReportReporter -->
<testsuite hostname="TSI0267-sarathkumar" failures="0" tests="1" name="com.pagelogics.bfm.AddNewStaffLogics" time="52.765" errors="0" timestamp="2023-08-02T10:41:08 IST" skipped="0">
  <testcase classname="com.pagelogics.bfm.AddNewStaffLogics" name="addNewStf" time="52.765"/>
  <system-out/>
</testsuite> <!-- com.pagelogics.bfm.AddNewStaffLogics -->
