<?xml version="1.0" encoding="UTF-8"?>
<!-- Generated by org.testng.reporters.JUnitReportReporter -->
<testsuite hostname="DESKTOP-A76ELC4" failures="0" tests="1" name="com.pageexe.bfm.FrgtPswExe" time="34.674" errors="0" timestamp="2023-07-25T09:41:26 IST" skipped="0">
  <testcase classname="com.pageexe.bfm.FrgtPswExe" name="frgtpswd" time="34.674"/>
  <system-out/>
</testsuite> <!-- com.pageexe.bfm.FrgtPswExe -->
