<?xml version="1.0" encoding="UTF-8"?>
<!-- Generated by org.testng.reporters.JUnitReportReporter -->
<testsuite hostname="DESKTOP-A76ELC4" failures="0" tests="1" name="com.pageexe.bfm.EditRoomExe" time="27.826" errors="0" timestamp="2023-07-31T11:31:53 IST" skipped="0">
  <testcase classname="com.pageexe.bfm.EditRoomExe" name="editrom" time="27.826"/>
  <system-out/>
</testsuite> <!-- com.pageexe.bfm.EditRoomExe -->
