<?xml version="1.0" encoding="UTF-8"?>
<!-- Generated by org.testng.reporters.JUnitReportReporter -->
<testsuite hostname="TSI0267-sarathkumar" failures="0" tests="1" name="com.pageexe.bfm.EditParentEXE" time="32.106" errors="0" timestamp="2023-08-03T14:10:57 IST" skipped="0">
  <testcase classname="com.pageexe.bfm.EditParentEXE" name="edParent" time="32.106"/>
  <system-out/>
</testsuite> <!-- com.pageexe.bfm.EditParentEXE -->
