<?xml version="1.0" encoding="UTF-8"?>
<!-- Generated by org.testng.reporters.JUnitReportReporter -->
<testsuite hostname="DESKTOP-A76ELC4" failures="0" tests="1" name="com.pageexe.bfm.EditGrpAdminExe" time="28.079" errors="0" timestamp="2023-07-25T11:06:40 IST" skipped="0">
  <testcase classname="com.pageexe.bfm.EditGrpAdminExe" name="grpAminExe" time="28.079"/>
  <system-out/>
</testsuite> <!-- com.pageexe.bfm.EditGrpAdminExe -->
