<?xml version="1.0" encoding="UTF-8"?>
<!-- Generated by org.testng.reporters.JUnitReportReporter -->
<testsuite hostname="TSI0267-sarathkumar" failures="0" tests="1" name="com.pagelogics.bfm.ChildListLogic" time="55.471" errors="0" timestamp="2023-08-04T11:58:49 IST" skipped="0">
  <testcase classname="com.pagelogics.bfm.ChildListLogic" name="chldlst" time="55.471"/>
  <system-out/>
</testsuite> <!-- com.pagelogics.bfm.ChildListLogic -->
