<?xml version="1.0" encoding="UTF-8"?>
<!-- Generated by org.testng.reporters.JUnitReportReporter -->
<testsuite hostname="TSI0267-sarathkumar" failures="0" tests="1" name="com.pagelogics.bfm.EditPrnt" time="27.836" errors="0" timestamp="2023-08-03T12:36:38 IST" skipped="0">
  <testcase classname="com.pagelogics.bfm.EditPrnt" name="edtParent" time="27.836"/>
  <system-out/>
</testsuite> <!-- com.pagelogics.bfm.EditPrnt -->
