<?xml version="1.0" encoding="UTF-8"?>
<!-- Generated by org.testng.reporters.JUnitReportReporter -->
<testsuite hostname="DESKTOP-A76ELC4" failures="0" tests="1" name="com.pageexe.bfm.CenterListExe" time="21.588" errors="0" timestamp="2023-07-20T17:54:34 IST" skipped="0">
  <testcase classname="com.pageexe.bfm.CenterListExe" name="centerlist" time="21.588"/>
  <system-out/>
</testsuite> <!-- com.pageexe.bfm.CenterListExe -->
