<?xml version="1.0" encoding="UTF-8"?>
<!-- Generated by org.testng.reporters.JUnitReportReporter -->
<testsuite hostname="DESKTOP-A76ELC4" failures="0" tests="1" name="com.pageexe.bfm.CmpnyListExe" time="18.051" errors="0" timestamp="2023-07-25T14:25:44 IST" skipped="0">
  <testcase classname="com.pageexe.bfm.CmpnyListExe" name="compList" time="18.051"/>
  <system-out/>
</testsuite> <!-- com.pageexe.bfm.CmpnyListExe -->
