<?xml version="1.0" encoding="UTF-8"?>
<!-- Generated by org.testng.reporters.JUnitReportReporter -->
<testsuite hostname="TSI0267-sarathkumar" failures="0" tests="1" name="com.pageexe.bfm.ParentListExe" time="30.686" errors="0" timestamp="2023-08-03T09:29:20 IST" skipped="0">
  <testcase classname="com.pageexe.bfm.ParentListExe" name="prntLists" time="30.686"/>
  <system-out/>
</testsuite> <!-- com.pageexe.bfm.ParentListExe -->
