<?xml version="1.0" encoding="UTF-8"?>
<!-- Generated by org.testng.reporters.JUnitReportReporter -->
<testsuite hostname="TSI0267-sarathkumar" failures="0" tests="1" name="com.pagelogics.bfm.ParentListLogic" time="27.391" errors="0" timestamp="2023-08-02T18:55:09 IST" skipped="0">
  <testcase classname="com.pagelogics.bfm.ParentListLogic" name="prntlist" time="27.391"/>
  <system-out/>
</testsuite> <!-- com.pagelogics.bfm.ParentListLogic -->
