<?xml version="1.0" encoding="UTF-8"?>
<!-- Generated by org.testng.reporters.JUnitReportReporter -->
<testsuite hostname="DESKTOP-A76ELC4" failures="0" tests="1" name="com.pagelogics.bfm.StaffListLogics" time="26.438" errors="0" timestamp="2023-08-01T15:08:56 IST" skipped="0">
  <testcase classname="com.pagelogics.bfm.StaffListLogics" name="staflist" time="26.438"/>
  <system-out/>
</testsuite> <!-- com.pagelogics.bfm.StaffListLogics -->
