<?xml version="1.0" encoding="UTF-8"?>
<!-- Generated by org.testng.reporters.JUnitReportReporter -->
<testsuite hostname="DESKTOP-A76ELC4" failures="0" tests="1" name="com.pageexe.bfm.EditCmpExe" time="53.121" errors="0" timestamp="2023-07-31T09:25:02 IST" skipped="0">
  <testcase classname="com.pageexe.bfm.EditCmpExe" name="editcmp" time="53.121"/>
  <system-out/>
</testsuite> <!-- com.pageexe.bfm.EditCmpExe -->
