<?xml version="1.0" encoding="UTF-8"?>
<!-- Generated by org.testng.reporters.JUnitReportReporter -->
<testsuite hostname="DESKTOP-A76ELC4" failures="0" tests="1" name="com.pageexe.bfm.EditAdminProfExe" time="25.286" errors="0" timestamp="2023-07-25T12:28:15 IST" skipped="0">
  <testcase classname="com.pageexe.bfm.EditAdminProfExe" name="editadminpro" time="25.286"/>
  <system-out/>
</testsuite> <!-- com.pageexe.bfm.EditAdminProfExe -->
